<?xml version='1.0' encoding='UTF-8' ?>
<testsuites>
<testsuite name="com.msd.data.files.FileManagerTest" tests="11" failures="0" errors="0" skipped="0" time="0.559" timestamp="2023-09-30T17:55:21" hostname="localhost">
  <properties>
    <property name="device" value="Pixel_6_Pro_33(AVD) - 13" />
    <property name="flavor" value="" />
    <property name="project" value=":data:files" />
  </properties>
  <testcase name="cleaningFilesShouldKeepNonEmptyDirectories" classname="com.msd.data.files.FileManagerTest" time="0.012" />
  <testcase name="getLocalPathShouldReturnTheExpectedPath" classname="com.msd.data.files.FileManagerTest" time="0.002" />
  <testcase name="getLocalFileShouldReturnTheExpectedFile" classname="com.msd.data.files.FileManagerTest" time="0.003" />
  <testcase name="getFileCreationTimeShouldReturnTheExpectedValue" classname="com.msd.data.files.FileManagerTest" time="0.002" />
  <testcase name="copyingFileWorksAsExpected" classname="com.msd.data.files.FileManagerTest" time="0.105" />
  <testcase name="cleaningFilesShouldMaintainSpecifiedFiles" classname="com.msd.data.files.FileManagerTest" time="0.003" />
  <testcase name="removeLocalFileShouldWorkProperly" classname="com.msd.data.files.FileManagerTest" time="0.001" />
  <testcase name="deleteServerContentsShouldRemoveAllFiles" classname="com.msd.data.files.FileManagerTest" time="0.002" />
  <testcase name="cleaningFilesShouldDeleteEmptyNestedDirectories" classname="com.msd.data.files.FileManagerTest" time="0.003" />
  <testcase name="cleaningFilesShouldRemoveCacheFiles" classname="com.msd.data.files.FileManagerTest" time="0.003" />
  <testcase name="makeDirectoriesForNewFileShouldMakeTheNeededDirectories" classname="com.msd.data.files.FileManagerTest" time="0.002" />
</testsuite>
<testsuite name="com.msd.data.smb_data.local.SMBConfigurationDatabaseTest" tests="1" failures="0" errors="0" skipped="0" time="0.473" timestamp="2023-09-30T17:55:09" hostname="localhost">
  <properties>
    <property name="device" value="Pixel_6_Pro_33(AVD) - 13" />
    <property name="flavor" value="" />
    <property name="project" value=":data:smb_data" />
  </properties>
  <testcase name="gettingDatabaseInstanceShouldReturnAlwaysTheSameInstance" classname="com.msd.data.smb_data.local.SMBConfigurationDatabaseTest" time="0.076" />
</testsuite>
<testsuite name="com.msd.feature.edit.EditLoadedViewTest" tests="7" failures="0" errors="0" skipped="0" time="76.333" timestamp="2023-09-30T17:56:45" hostname="localhost">
  <properties>
    <property name="device" value="Pixel_6_Pro_33(AVD) - 13" />
    <property name="flavor" value="" />
    <property name="project" value=":feature:edit" />
  </properties>
  <testcase name="newConfigurationIsDisplayedCorrectly" classname="com.msd.feature.edit.EditLoadedViewTest" time="9.077" />
  <testcase name="clickOnSaveConfigurationWorksAsExpected" classname="com.msd.feature.edit.EditLoadedViewTest" time="15.383" />
  <testcase name="editConfigurationIsDisplayedCorrectly" classname="com.msd.feature.edit.EditLoadedViewTest" time="7.633" />
  <testcase name="clickOnEditConfigurationWorksAsExpected" classname="com.msd.feature.edit.EditLoadedViewTest" time="9.624" />
  <testcase name="editConfigurationAndPasswordVisibleIsDisplayedCorrectly" classname="com.msd.feature.edit.EditLoadedViewTest" time="6.795" />
  <testcase name="errorsAreDisplayedCorrectly" classname="com.msd.feature.edit.EditLoadedViewTest" time="8.285" />
  <testcase name="testLoadingViewIsDisplayedCorrectly" classname="com.msd.feature.edit.EditLoadingViewTest" time="3.908" />
</testsuite>
<testsuite name="com.msd.feature.explorer.ui.ExplorerErrorViewTest" tests="20" failures="0" errors="0" skipped="0" time="186.033" timestamp="2023-09-30T18:00:47" hostname="localhost">
  <properties>
    <property name="device" value="Pixel_6_Pro_33(AVD) - 13" />
    <property name="flavor" value="" />
    <property name="project" value=":feature:explorer" />
  </properties>
  <testcase name="testConnectionErrorViewIsDisplayedCorrectly" classname="com.msd.feature.explorer.ui.ExplorerErrorViewTest" time="6.652" />
  <testcase name="testAccessErrorViewIsDisplayedCorrectly" classname="com.msd.feature.explorer.ui.ExplorerErrorViewTest" time="4.582" />
  <testcase name="testUnknownErrorViewIsDisplayedCorrectly" classname="com.msd.feature.explorer.ui.ExplorerErrorViewTest" time="4.243" />
  <testcase name="testLoadedViewNonRootDirectoryIsDisplayedCorrectly" classname="com.msd.feature.explorer.ui.ExplorerLoadedViewTest" time="5.829" />
  <testcase name="testLoadedViewFileConnectionErrorIsDisplayedCorrectly" classname="com.msd.feature.explorer.ui.ExplorerLoadedViewTest" time="6.582" />
  <testcase name="testClickOnFileWorksAsExpected" classname="com.msd.feature.explorer.ui.ExplorerLoadedViewTest" time="7.422" />
  <testcase name="testClickOnDownloadFileWorksAsExpected" classname="com.msd.feature.explorer.ui.ExplorerLoadedViewTest" time="10.267" />
  <testcase name="testClickOnDirectoryWorksAsExpected" classname="com.msd.feature.explorer.ui.ExplorerLoadedViewTest" time="5.657" />
  <testcase name="testClickOnEditFileAccessErrorWorksAsExpected" classname="com.msd.feature.explorer.ui.ExplorerLoadedViewTest" time="10.152" />
  <testcase name="testLoadedViewUnknownErrorIsDisplayedCorrectly" classname="com.msd.feature.explorer.ui.ExplorerLoadedViewTest" time="7.233" />
  <testcase name="testDownloadedFileMenuIsDisplayedCorrectly" classname="com.msd.feature.explorer.ui.ExplorerLoadedViewTest" time="8.284" />
  <testcase name="testClickOnDismissDownloadProgressWorksAsExpected" classname="com.msd.feature.explorer.ui.ExplorerLoadedViewTest" time="8.915" />
  <testcase name="testClickOnParentDirectoryWorksAsExpected" classname="com.msd.feature.explorer.ui.ExplorerLoadedViewTest" time="6.42" />
  <testcase name="testLoadedViewFileAccessErrorIsDisplayedCorrectly" classname="com.msd.feature.explorer.ui.ExplorerLoadedViewTest" time="7.514" />
  <testcase name="testClickOnDismissFileAccessErrorWorksAsExpected" classname="com.msd.feature.explorer.ui.ExplorerLoadedViewTest" time="7.984" />
  <testcase name="testLoadedViewDownloadProgressIsDisplayedCorrectly" classname="com.msd.feature.explorer.ui.ExplorerLoadedViewTest" time="6.479" />
  <testcase name="testNonDownloadedFileMenuIsDisplayedCorrectly" classname="com.msd.feature.explorer.ui.ExplorerLoadedViewTest" time="7.694" />
  <testcase name="testClickOnDeleteFileWorksAsExpected" classname="com.msd.feature.explorer.ui.ExplorerLoadedViewTest" time="9.94" />
  <testcase name="testLoadedViewRootDirectoryIsDisplayedCorrectly" classname="com.msd.feature.explorer.ui.ExplorerLoadedViewTest" time="5.627" />
  <testcase name="testLoadingViewIsDisplayedCorrectly" classname="com.msd.feature.explorer.ui.ExplorerLoadingViewTest" time="6.647" />
</testsuite>
<testsuite name="com.msd.feature.main.ui.MainEmptyViewTest" tests="5" failures="0" errors="0" skipped="0" time="40.532" timestamp="2023-09-30T17:57:33" hostname="localhost">
  <properties>
    <property name="device" value="Pixel_6_Pro_33(AVD) - 13" />
    <property name="flavor" value="" />
    <property name="project" value=":feature:main" />
  </properties>
  <testcase name="testEmptyViewActionIsWorkingCorrectly" classname="com.msd.feature.main.ui.MainEmptyViewTest" time="8.785" />
  <testcase name="testEmptyViewIsDisplayedCorrectly" classname="com.msd.feature.main.ui.MainEmptyViewTest" time="4.678" />
  <testcase name="testLoadedViewIsDisplayedCorrectly" classname="com.msd.feature.main.ui.MainLoadedViewTest" time="4.797" />
  <testcase name="testDeleteDialogIsDisplayedCorrectly" classname="com.msd.feature.main.ui.MainLoadedViewTest" time="6.005" />
  <testcase name="testLoadingViewIsDisplayedCorrectly" classname="com.msd.feature.main.ui.MainLoadingViewTest" time="5.198" />
</testsuite>
<testsuite name="com.msd.data.explorer_data.ExplorerRepositoryTest" tests="9" skipped="0" failures="0" errors="0" timestamp="2023-09-30T15:46:58" hostname="DESKTOP-TUF9PBG" time="2.047">
  <properties/>
  <testcase name="when opening file and local file is not valid should download and return the file" classname="com.msd.data.explorer_data.ExplorerRepositoryTest" time="1.956"/>
  <testcase name="when exception while opening file should throw the exception" classname="com.msd.data.explorer_data.ExplorerRepositoryTest" time="0.051"/>
  <testcase name="when exception while retrieving files and directories should throw the exception" classname="com.msd.data.explorer_data.ExplorerRepositoryTest" time="0.005"/>
  <testcase name="when deleting file should invoke the data source" classname="com.msd.data.explorer_data.ExplorerRepositoryTest" time="0.001"/>
  <testcase name="when opening file should return the file" classname="com.msd.data.explorer_data.ExplorerRepositoryTest" time="0.006"/>
  <testcase name="when retrieving files and directories should return the expected data" classname="com.msd.data.explorer_data.ExplorerRepositoryTest" time="0.01"/>
  <testcase name="when opening null file should return null" classname="com.msd.data.explorer_data.ExplorerRepositoryTest" time="0.006"/>
  <testcase name="when exception while downloading file should invoke the data source" classname="com.msd.data.explorer_data.ExplorerRepositoryTest" time="0.005"/>
  <testcase name="when downloading file should invoke the data source" classname="com.msd.data.explorer_data.ExplorerRepositoryTest" time="0.005"/>
  <system-out><![CDATA[]]></system-out>
  <system-err><![CDATA[]]></system-err>
</testsuite>
<testsuite name="com.msd.data.explorer_data.mapper.FilesAndDirectoriesMapperTest" tests="2" skipped="0" failures="0" errors="0" timestamp="2023-09-30T15:47:00" hostname="DESKTOP-TUF9PBG" time="0.138">
  <properties/>
  <testcase name="when building files result with parent directory should return the expected data" classname="com.msd.data.explorer_data.mapper.FilesAndDirectoriesMapperTest" time="0.129"/>
  <testcase name="when building files result without parent directory should return the expected data" classname="com.msd.data.explorer_data.mapper.FilesAndDirectoriesMapperTest" time="0.008"/>
  <system-out><![CDATA[]]></system-out>
  <system-err><![CDATA[]]></system-err>
</testsuite>
<testsuite name="com.msd.data.explorer_data.network.ExplorerDataSourceIntegrationTest" tests="4" skipped="0" failures="0" errors="0" timestamp="2023-09-30T15:47:00" hostname="DESKTOP-TUF9PBG" time="0.897">
  <properties/>
  <testcase name="when local file is valid should return the expected data" classname="com.msd.data.explorer_data.network.ExplorerDataSourceIntegrationTest" time="0.838"/>
  <testcase name="when local file is not valid should return the expected data" classname="com.msd.data.explorer_data.network.ExplorerDataSourceIntegrationTest" time="0.016"/>
  <testcase name="when retrieving files and directories should return the expected data" classname="com.msd.data.explorer_data.network.ExplorerDataSourceIntegrationTest" time="0.023"/>
  <testcase name="when downloading file should invoke the expected classes" classname="com.msd.data.explorer_data.network.ExplorerDataSourceIntegrationTest" time="0.02"/>
  <system-out><![CDATA[]]></system-out>
  <system-err><![CDATA[]]></system-err>
</testsuite>
<testsuite name="com.msd.data.explorer_data.network.ExplorerDataSourceTest" tests="20" skipped="0" failures="0" errors="0" timestamp="2023-09-30T15:47:01" hostname="DESKTOP-TUF9PBG" time="0.179">
  <properties/>
  <testcase name="when access error while downloading file should return the exception" classname="com.msd.data.explorer_data.network.ExplorerDataSourceTest" time="0.05"/>
  <testcase name="when cancellation error while downloading file should return the exception" classname="com.msd.data.explorer_data.network.ExplorerDataSourceTest" time="0.009"/>
  <testcase name="when access error while checking if local file is valid should throw the expected error" classname="com.msd.data.explorer_data.network.ExplorerDataSourceTest" time="0.005"/>
  <testcase name="when unknown error while downloading file should return the exception" classname="com.msd.data.explorer_data.network.ExplorerDataSourceTest" time="0.009"/>
  <testcase name="when unknown error while checking if local file is valid should throw the expected error" classname="com.msd.data.explorer_data.network.ExplorerDataSourceTest" time="0.006"/>
  <testcase name="when unknown error while retrieving files and directories should return the expected data" classname="com.msd.data.explorer_data.network.ExplorerDataSourceTest" time="0.006"/>
  <testcase name="when opening local file should return the expected data" classname="com.msd.data.explorer_data.network.ExplorerDataSourceTest" time="0.002"/>
  <testcase name="when exception while downloading file should delete the local file" classname="com.msd.data.explorer_data.network.ExplorerDataSourceTest" time="0.01"/>
  <testcase name="when connection error while downloading file should return the exception" classname="com.msd.data.explorer_data.network.ExplorerDataSourceTest" time="0.008"/>
  <testcase name="when cancellation error while checking if local file is valid should throw the expected error" classname="com.msd.data.explorer_data.network.ExplorerDataSourceTest" time="0.007"/>
  <testcase name="when retrieving files and directories should return the expected data" classname="com.msd.data.explorer_data.network.ExplorerDataSourceTest" time="0.008"/>
  <testcase name="when deleting local file should return the expected data" classname="com.msd.data.explorer_data.network.ExplorerDataSourceTest" time="0.001"/>
  <testcase name="when connection error while checking if local file is valid should throw the expected error" classname="com.msd.data.explorer_data.network.ExplorerDataSourceTest" time="0.007"/>
  <testcase name="when connection error while retrieving files and directories should return the expected data" classname="com.msd.data.explorer_data.network.ExplorerDataSourceTest" time="0.007"/>
  <testcase name="when local file is not valid should return false" classname="com.msd.data.explorer_data.network.ExplorerDataSourceTest" time="0.007"/>
  <testcase name="when downloading file should invoke the expected function" classname="com.msd.data.explorer_data.network.ExplorerDataSourceTest" time="0.007"/>
  <testcase name="when cancellation error while retrieving files and directories should return the expected data" classname="com.msd.data.explorer_data.network.ExplorerDataSourceTest" time="0.007"/>
  <testcase name="when access error while retrieving files and directories should return the expected data" classname="com.msd.data.explorer_data.network.ExplorerDataSourceTest" time="0.006"/>
  <testcase name="when local file is valid should return true" classname="com.msd.data.explorer_data.network.ExplorerDataSourceTest" time="0.007"/>
  <testcase name="when exception while checking if local file is valid should throw the expected error" classname="com.msd.data.explorer_data.network.ExplorerDataSourceTest" time="0.007"/>
  <system-out><![CDATA[]]></system-out>
  <system-err><![CDATA[]]></system-err>
</testsuite>
<testsuite name="com.msd.data.explorer_data.network.SMBHelperTest" tests="10" skipped="0" failures="0" errors="0" timestamp="2023-09-30T15:47:01" hostname="DESKTOP-TUF9PBG" time="0.22">
  <properties/>
  <testcase name="when connecting to a remote storage should manage the connection" classname="com.msd.data.explorer_data.network.SMBHelperTest" time="0.011"/>
  <testcase name="when SMBApiException while connecting to disk share should throw the exception" classname="com.msd.data.explorer_data.network.SMBHelperTest" time="0.038"/>
  <testcase name="when null while connecting to disk share should throw the exception" classname="com.msd.data.explorer_data.network.SMBHelperTest" time="0.008"/>
  <testcase name="when listing files should return the expected result" classname="com.msd.data.explorer_data.network.SMBHelperTest" time="0.117"/>
  <testcase name="when SMBApiException access denied while connecting to disk share should throw the exception" classname="com.msd.data.explorer_data.network.SMBHelperTest" time="0.009"/>
  <testcase name="when getting file modification time should return the expected result" classname="com.msd.data.explorer_data.network.SMBHelperTest" time="0.011"/>
  <testcase name="when getting file input stream should return the expected result" classname="com.msd.data.explorer_data.network.SMBHelperTest" time="0.005"/>
  <testcase name="when CancellationException while connecting to disk share should throw the exception" classname="com.msd.data.explorer_data.network.SMBHelperTest" time="0.007"/>
  <testcase name="when generic exception while connecting to disk share should throw the exception" classname="com.msd.data.explorer_data.network.SMBHelperTest" time="0.006"/>
  <testcase name="when getting file size should return the expected result" classname="com.msd.data.explorer_data.network.SMBHelperTest" time="0.007"/>
  <system-out><![CDATA[]]></system-out>
  <system-err><![CDATA[]]></system-err>
</testsuite>
<testsuite name="com.msd.data.explorer_data.tracker.ExplorerTrackerTest" tests="3" skipped="0" failures="0" errors="0" timestamp="2023-09-30T15:47:02" hostname="DESKTOP-TUF9PBG" time="0.02">
  <properties/>
  <testcase name="when tracking open file should invoke the tracker" classname="com.msd.data.explorer_data.tracker.ExplorerTrackerTest" time="0.019"/>
  <testcase name="when tracking download file should invoke the tracker" classname="com.msd.data.explorer_data.tracker.ExplorerTrackerTest" time="0.001"/>
  <testcase name="when tracking list and directories should invoke the tracker" classname="com.msd.data.explorer_data.tracker.ExplorerTrackerTest" time="0.0"/>
  <system-out><![CDATA[]]></system-out>
  <system-err><![CDATA[]]></system-err>
</testsuite>
<testsuite name="com.msd.data.smb_data.SMBConfigurationRepositoryTest" tests="5" skipped="0" failures="0" errors="0" timestamp="2023-09-30T15:46:50" hostname="DESKTOP-TUF9PBG" time="2.487">
  <properties/>
  <testcase name="when getting all configurations should invoke the dao object" classname="com.msd.data.smb_data.SMBConfigurationRepositoryTest" time="2.453"/>
  <testcase name="when getting configuration should invoke the dao object" classname="com.msd.data.smb_data.SMBConfigurationRepositoryTest" time="0.012"/>
  <testcase name="when inserting configuration should invoke the dao object" classname="com.msd.data.smb_data.SMBConfigurationRepositoryTest" time="0.005"/>
  <testcase name="when getting null configuration should invoke the dao object" classname="com.msd.data.smb_data.SMBConfigurationRepositoryTest" time="0.005"/>
  <testcase name="when deleting configuration should invoke the dao object" classname="com.msd.data.smb_data.SMBConfigurationRepositoryTest" time="0.011"/>
  <system-out><![CDATA[]]></system-out>
  <system-err><![CDATA[]]></system-err>
</testsuite>
<testsuite name="com.msd.data.smb_data.mapper.SMBConfigurationMapperTest" tests="3" skipped="0" failures="0" errors="0" timestamp="2023-09-30T15:46:53" hostname="DESKTOP-TUF9PBG" time="0.0">
  <properties/>
  <testcase name="when mapping a domain object to data should return the expected model" classname="com.msd.data.smb_data.mapper.SMBConfigurationMapperTest" time="0.0"/>
  <testcase name="when mapping a list of data objects to domain should return the expected models" classname="com.msd.data.smb_data.mapper.SMBConfigurationMapperTest" time="0.0"/>
  <testcase name="when mapping a data object to domain should return the expected model" classname="com.msd.data.smb_data.mapper.SMBConfigurationMapperTest" time="0.0"/>
  <system-out><![CDATA[]]></system-out>
  <system-err><![CDATA[]]></system-err>
</testsuite>
<testsuite name="com.msd.domain.explorer.DeleteFileUseCaseTest" tests="1" skipped="0" failures="0" errors="0" timestamp="2023-09-30T15:45:49" hostname="DESKTOP-TUF9PBG" time="2.411">
  <properties/>
  <testcase name="when deleting file should invoke the repository" classname="com.msd.domain.explorer.DeleteFileUseCaseTest" time="2.411"/>
  <system-out><![CDATA[]]></system-out>
  <system-err><![CDATA[]]></system-err>
</testsuite>
<testsuite name="com.msd.domain.explorer.DownloadFileUseCaseTest" tests="5" skipped="0" failures="0" errors="0" timestamp="2023-09-30T15:45:51" hostname="DESKTOP-TUF9PBG" time="1.068">
  <properties/>
  <testcase name="when access error while downloading file should invoke the repository" classname="com.msd.domain.explorer.DownloadFileUseCaseTest" time="1.039"/>
  <testcase name="when downloading file should invoke the repository" classname="com.msd.domain.explorer.DownloadFileUseCaseTest" time="0.005"/>
  <testcase name="when connection error while downloading file should invoke the repository" classname="com.msd.domain.explorer.DownloadFileUseCaseTest" time="0.006"/>
  <testcase name="when unknown error while downloading file should invoke the repository" classname="com.msd.domain.explorer.DownloadFileUseCaseTest" time="0.008"/>
  <testcase name="when cancel error while downloading file should invoke the repository" classname="com.msd.domain.explorer.DownloadFileUseCaseTest" time="0.01"/>
  <system-out><![CDATA[]]></system-out>
  <system-err><![CDATA[]]></system-err>
</testsuite>
<testsuite name="com.msd.domain.explorer.GetFilesAndDirectoriesUseCaseTest" tests="2" skipped="0" failures="0" errors="0" timestamp="2023-09-30T15:45:52" hostname="DESKTOP-TUF9PBG" time="0.222">
  <properties/>
  <testcase name="when getting files and directories should invoke the repository" classname="com.msd.domain.explorer.GetFilesAndDirectoriesUseCaseTest" time="0.14"/>
  <testcase name="when exception while getting files and directories should return the error" classname="com.msd.domain.explorer.GetFilesAndDirectoriesUseCaseTest" time="0.082"/>
  <system-out><![CDATA[]]></system-out>
  <system-err><![CDATA[]]></system-err>
</testsuite>
<testsuite name="com.msd.domain.explorer.OpenFileUseCaseTest" tests="2" skipped="0" failures="0" errors="0" timestamp="2023-09-30T15:45:52" hostname="DESKTOP-TUF9PBG" time="0.152">
  <properties/>
  <testcase name="when opening file should return the expected file" classname="com.msd.domain.explorer.OpenFileUseCaseTest" time="0.145"/>
  <testcase name="when exception while opening file should return the expected error" classname="com.msd.domain.explorer.OpenFileUseCaseTest" time="0.007"/>
  <system-out><![CDATA[]]></system-out>
  <system-err><![CDATA[]]></system-err>
</testsuite>
<testsuite name="com.msd.domain.smb.DeleteSMBConfigurationUseCaseTest" tests="1" skipped="0" failures="0" errors="0" timestamp="2023-09-30T15:45:48" hostname="DESKTOP-TUF9PBG" time="3.784">
  <properties/>
  <testcase name="when deleting SMB configuration should invoke the repository" classname="com.msd.domain.smb.DeleteSMBConfigurationUseCaseTest" time="3.784"/>
  <system-out><![CDATA[]]></system-out>
  <system-err><![CDATA[]]></system-err>
</testsuite>
<testsuite name="com.msd.domain.smb.GetSMBConfigurationUseCaseTest" tests="2" skipped="0" failures="0" errors="0" timestamp="2023-09-30T15:45:51" hostname="DESKTOP-TUF9PBG" time="0.243">
  <properties/>
  <testcase name="when getting SMB configuration returns null should return null" classname="com.msd.domain.smb.GetSMBConfigurationUseCaseTest" time="0.027"/>
  <testcase name="when getting SMB configuration should return the expected value" classname="com.msd.domain.smb.GetSMBConfigurationUseCaseTest" time="0.216"/>
  <system-out><![CDATA[]]></system-out>
  <system-err><![CDATA[]]></system-err>
</testsuite>
<testsuite name="com.msd.domain.smb.GetSMBConfigurationsUseCaseTest" tests="1" skipped="0" failures="0" errors="0" timestamp="2023-09-30T15:45:52" hostname="DESKTOP-TUF9PBG" time="0.012">
  <properties/>
  <testcase name="when getting the configurations should invoke the repository" classname="com.msd.domain.smb.GetSMBConfigurationsUseCaseTest" time="0.012"/>
  <system-out><![CDATA[]]></system-out>
  <system-err><![CDATA[]]></system-err>
</testsuite>
<testsuite name="com.msd.domain.smb.StoreSMBConfigurationUseCaseTest" tests="2" skipped="0" failures="0" errors="0" timestamp="2023-09-30T15:45:52" hostname="DESKTOP-TUF9PBG" time="0.066">
  <properties/>
  <testcase name="when storing a SMB configuration with null name should invoke the repository" classname="com.msd.domain.smb.StoreSMBConfigurationUseCaseTest" time="0.056"/>
  <testcase name="when storing a SMB configuration should invoke the repository" classname="com.msd.domain.smb.StoreSMBConfigurationUseCaseTest" time="0.01"/>
  <system-out><![CDATA[]]></system-out>
  <system-err><![CDATA[]]></system-err>
</testsuite>
<testsuite name="com.msd.feature.edit.presenter.EditPresenterTest" tests="13" skipped="0" failures="0" errors="0" timestamp="2023-09-30T17:55:13" hostname="DESKTOP-TUF9PBG" time="3.954">
  <properties/>
  <testcase name="when confirming invalid server and sharedPath in loaded state should update the state" classname="com.msd.feature.edit.presenter.EditPresenterTest" time="2.81"/>
  <testcase name="when initializing with valid id should emit the loaded state" classname="com.msd.feature.edit.presenter.EditPresenterTest" time="0.887"/>
  <testcase name="when clicking on back arrow should navigate up" classname="com.msd.feature.edit.presenter.EditPresenterTest" time="0.005"/>
  <testcase name="when confirming invalid sharedPath in loaded state should update the state" classname="com.msd.feature.edit.presenter.EditPresenterTest" time="0.004"/>
  <testcase name="when providing factory should return the expected data" classname="com.msd.feature.edit.presenter.EditPresenterTest" time="0.177"/>
  <testcase name="when toggling password visibility should update the state" classname="com.msd.feature.edit.presenter.EditPresenterTest" time="0.004"/>
  <testcase name="when confirming without optional fields in loaded state should save and navigate back" classname="com.msd.feature.edit.presenter.EditPresenterTest" time="0.02"/>
  <testcase name="when confirming valid changes in loaded state should save and navigate back" classname="com.msd.feature.edit.presenter.EditPresenterTest" time="0.012"/>
  <testcase name="when initializing with no id should emit the loaded state" classname="com.msd.feature.edit.presenter.EditPresenterTest" time="0.005"/>
  <testcase name="when confirming new configuration in loaded state should save and navigate back" classname="com.msd.feature.edit.presenter.EditPresenterTest" time="0.015"/>
  <testcase name="when initializing with invalid id should navigate back" classname="com.msd.feature.edit.presenter.EditPresenterTest" time="0.007"/>
  <testcase name="when confirming invalid server in loaded state should update the state" classname="com.msd.feature.edit.presenter.EditPresenterTest" time="0.003"/>
  <testcase name="when already initialized should do nothing" classname="com.msd.feature.edit.presenter.EditPresenterTest" time="0.003"/>
  <system-out><![CDATA[]]></system-out>
  <system-err><![CDATA[]]></system-err>
</testsuite>
<testsuite name="com.msd.feature.edit.tracker.EditTrackerTest" tests="2" skipped="0" failures="0" errors="0" timestamp="2023-09-30T17:55:17" hostname="DESKTOP-TUF9PBG" time="0.039">
  <properties/>
  <testcase name="when tracking configuration edited should invoke the tracker" classname="com.msd.feature.edit.tracker.EditTrackerTest" time="0.038"/>
  <testcase name="when tracking configuration created should invoke the tracker" classname="com.msd.feature.edit.tracker.EditTrackerTest" time="0.001"/>
  <system-out><![CDATA[]]></system-out>
  <system-err><![CDATA[]]></system-err>
</testsuite>
<testsuite name="com.msd.feature.explorer.helper.FilesAndDirectoriesHelperTest" tests="17" skipped="0" failures="0" errors="0" timestamp="2023-09-30T17:55:14" hostname="DESKTOP-TUF9PBG" time="3.735">
  <properties/>
  <testcase name="when getting files and directories should return the expected list" classname="com.msd.feature.explorer.helper.FilesAndDirectoriesHelperTest" time="3.487"/>
  <testcase name="when getting files and directories with access error should return the exception" classname="com.msd.feature.explorer.helper.FilesAndDirectoriesHelperTest" time="0.012"/>
  <testcase name="when opening file and cancellation error should throw the error" classname="com.msd.feature.explorer.helper.FilesAndDirectoriesHelperTest" time="0.016"/>
  <testcase name="when deleting file should invoke the use case" classname="com.msd.feature.explorer.helper.FilesAndDirectoriesHelperTest" time="0.006"/>
  <testcase name="when getting files and directories with connection error should return the exception" classname="com.msd.feature.explorer.helper.FilesAndDirectoriesHelperTest" time="0.009"/>
  <testcase name="when downloading file and connection error should throw the expected exception" classname="com.msd.feature.explorer.helper.FilesAndDirectoriesHelperTest" time="0.009"/>
  <testcase name="when opening file should return the expected file" classname="com.msd.feature.explorer.helper.FilesAndDirectoriesHelperTest" time="0.13"/>
  <testcase name="when downloading file should invoke the expected use case" classname="com.msd.feature.explorer.helper.FilesAndDirectoriesHelperTest" time="0.006"/>
  <testcase name="when downloading file and access error should throw the expected exception" classname="com.msd.feature.explorer.helper.FilesAndDirectoriesHelperTest" time="0.006"/>
  <testcase name="when opening file and unknown error should throw the error" classname="com.msd.feature.explorer.helper.FilesAndDirectoriesHelperTest" time="0.008"/>
  <testcase name="when downloading file and unknown error should throw the expected exception" classname="com.msd.feature.explorer.helper.FilesAndDirectoriesHelperTest" time="0.007"/>
  <testcase name="when downloading file and cancellation error should throw the expected exception" classname="com.msd.feature.explorer.helper.FilesAndDirectoriesHelperTest" time="0.006"/>
  <testcase name="when opening file and access error should throw the error" classname="com.msd.feature.explorer.helper.FilesAndDirectoriesHelperTest" time="0.006"/>
  <testcase name="when opening file and return null should return the expected file" classname="com.msd.feature.explorer.helper.FilesAndDirectoriesHelperTest" time="0.005"/>
  <testcase name="when opening file and connection error should throw the error" classname="com.msd.feature.explorer.helper.FilesAndDirectoriesHelperTest" time="0.005"/>
  <testcase name="when getting files and directories with unknown error should return the exception" classname="com.msd.feature.explorer.helper.FilesAndDirectoriesHelperTest" time="0.006"/>
  <testcase name="when getting files and directories with cancellation error should return the exception" classname="com.msd.feature.explorer.helper.FilesAndDirectoriesHelperTest" time="0.007"/>
  <system-out><![CDATA[]]></system-out>
  <system-err><![CDATA[]]></system-err>
</testsuite>
<testsuite name="com.msd.feature.explorer.presenter.ExplorerPresenterTest" tests="44" skipped="0" failures="0" errors="0" timestamp="2023-09-30T17:55:18" hostname="DESKTOP-TUF9PBG" time="0.467">
  <properties/>
  <testcase name="when initializing with valid id with access error should emit Error state" classname="com.msd.feature.explorer.presenter.ExplorerPresenterTest" time="0.16"/>
  <testcase name="when dismissing file access error dialog not in loaded state should do nothing" classname="com.msd.feature.explorer.presenter.ExplorerPresenterTest" time="0.009"/>
  <testcase name="when back pressed in loaded state and parent directory should retrieve files" classname="com.msd.feature.explorer.presenter.ExplorerPresenterTest" time="0.009"/>
  <testcase name="when initializing with valid id with connection error should emit Error state" classname="com.msd.feature.explorer.presenter.ExplorerPresenterTest" time="0.007"/>
  <testcase name="when clicking on a directory in loaded state and connection error should emit Error state" classname="com.msd.feature.explorer.presenter.ExplorerPresenterTest" time="0.006"/>
  <testcase name="when clicking on a parent directory in loaded state and not in root path and access error should emit error state" classname="com.msd.feature.explorer.presenter.ExplorerPresenterTest" time="0.006"/>
  <testcase name="when clicking on a directory in loaded state should update the state" classname="com.msd.feature.explorer.presenter.ExplorerPresenterTest" time="0.005"/>
  <testcase name="when clicking on a file in loaded state should update the state and open the file" classname="com.msd.feature.explorer.presenter.ExplorerPresenterTest" time="0.009"/>
  <testcase name="when clicking on a directory not in loaded state should do nothing" classname="com.msd.feature.explorer.presenter.ExplorerPresenterTest" time="0.002"/>
  <testcase name="when dismissing file access error dialog should update the state" classname="com.msd.feature.explorer.presenter.ExplorerPresenterTest" time="0.002"/>
  <testcase name="when clicking on back arrow should navigate up" classname="com.msd.feature.explorer.presenter.ExplorerPresenterTest" time="0.001"/>
  <testcase name="when dismissing progress dialog not in loaded state should do nothing" classname="com.msd.feature.explorer.presenter.ExplorerPresenterTest" time="0.002"/>
  <testcase name="when confirming file access error dialog should update the state" classname="com.msd.feature.explorer.presenter.ExplorerPresenterTest" time="0.003"/>
  <testcase name="when downloading a file and cancellation exception should update the state" classname="com.msd.feature.explorer.presenter.ExplorerPresenterTest" time="0.009"/>
  <testcase name="when dismissing progress dialog should update the state" classname="com.msd.feature.explorer.presenter.ExplorerPresenterTest" time="0.001"/>
  <testcase name="when clicking on a directory in loaded state and access error should emit Error state" classname="com.msd.feature.explorer.presenter.ExplorerPresenterTest" time="0.006"/>
  <testcase name="when initializing with valid id and not found configuration should emit Error state" classname="com.msd.feature.explorer.presenter.ExplorerPresenterTest" time="0.008"/>
  <testcase name="when downloading a file and access exception should show the error" classname="com.msd.feature.explorer.presenter.ExplorerPresenterTest" time="0.008"/>
  <testcase name="when clicking on a file in loaded state and unknown error should emit error state" classname="com.msd.feature.explorer.presenter.ExplorerPresenterTest" time="0.007"/>
  <testcase name="when clicking on a downloaded file in loaded state should update the state and open the file" classname="com.msd.feature.explorer.presenter.ExplorerPresenterTest" time="0.007"/>
  <testcase name="when downloading a file and unknown exception should show the error" classname="com.msd.feature.explorer.presenter.ExplorerPresenterTest" time="0.006"/>
  <testcase name="when clicking on a file in loaded state and null file should restore the state" classname="com.msd.feature.explorer.presenter.ExplorerPresenterTest" time="0.005"/>
  <testcase name="when clicking on a file in loaded state and connection error should emit error state" classname="com.msd.feature.explorer.presenter.ExplorerPresenterTest" time="0.005"/>
  <testcase name="when clicking on a directory in loaded state and unknown error should emit Error state" classname="com.msd.feature.explorer.presenter.ExplorerPresenterTest" time="0.005"/>
  <testcase name="when deleting file should update the state with files and directories" classname="com.msd.feature.explorer.presenter.ExplorerPresenterTest" time="0.005"/>
  <testcase name="when providing factory should return the expected data" classname="com.msd.feature.explorer.presenter.ExplorerPresenterTest" time="0.081"/>
  <testcase name="when clicking on a file not in loaded state should do nothing" classname="com.msd.feature.explorer.presenter.ExplorerPresenterTest" time="0.001"/>
  <testcase name="when clicking on a file in loaded state and access error should emit error state" classname="com.msd.feature.explorer.presenter.ExplorerPresenterTest" time="0.005"/>
  <testcase name="when clicking on a parent directory in loaded state and not in root path and unknown error should emit error state" classname="com.msd.feature.explorer.presenter.ExplorerPresenterTest" time="0.006"/>
  <testcase name="when deleting file with connection error should update the state with error" classname="com.msd.feature.explorer.presenter.ExplorerPresenterTest" time="0.007"/>
  <testcase name="when deleting file with access error should update the state with error" classname="com.msd.feature.explorer.presenter.ExplorerPresenterTest" time="0.006"/>
  <testcase name="when deleting file with cancellation error should do nothing" classname="com.msd.feature.explorer.presenter.ExplorerPresenterTest" time="0.004"/>
  <testcase name="when clicking on a parent directory not in loaded state should do nothing" classname="com.msd.feature.explorer.presenter.ExplorerPresenterTest" time="0.001"/>
  <testcase name="when clicking on a parent directory in loaded state and not in root path and connection error should emit error state" classname="com.msd.feature.explorer.presenter.ExplorerPresenterTest" time="0.006"/>
  <testcase name="when deleting file and not in loaded state should do nothing" classname="com.msd.feature.explorer.presenter.ExplorerPresenterTest" time="0.004"/>
  <testcase name="when downloading a file successfully should update the state" classname="com.msd.feature.explorer.presenter.ExplorerPresenterTest" time="0.007"/>
  <testcase name="when initializing with valid id successfully should emit Loaded state" classname="com.msd.feature.explorer.presenter.ExplorerPresenterTest" time="0.008"/>
  <testcase name="when initializing with valid id with unknown error should emit Error state" classname="com.msd.feature.explorer.presenter.ExplorerPresenterTest" time="0.006"/>
  <testcase name="when downloading a file and connection exception should show the error" classname="com.msd.feature.explorer.presenter.ExplorerPresenterTest" time="0.005"/>
  <testcase name="when clicking on a parent directory in loaded state and not in root path should update the state" classname="com.msd.feature.explorer.presenter.ExplorerPresenterTest" time="0.006"/>
  <testcase name="when deleting file with unknown error should update the state with error" classname="com.msd.feature.explorer.presenter.ExplorerPresenterTest" time="0.006"/>
  <testcase name="when initializing with invalid id should navigate back" classname="com.msd.feature.explorer.presenter.ExplorerPresenterTest" time="0.003"/>
  <testcase name="when back pressed in loaded state and no parent directory should navigate back" classname="com.msd.feature.explorer.presenter.ExplorerPresenterTest" time="0.001"/>
  <testcase name="when already initialized should do nothing" classname="com.msd.feature.explorer.presenter.ExplorerPresenterTest" time="0.002"/>
  <system-out><![CDATA[]]></system-out>
  <system-err><![CDATA[]]></system-err>
</testsuite>
<testsuite name="com.msd.feature.main.presenter.MainPresenterTest" tests="13" skipped="0" failures="0" errors="0" timestamp="2023-09-30T17:55:13" hostname="DESKTOP-TUF9PBG" time="4.034">
  <properties/>
  <testcase name="when dismissing delete dialog in loaded state should clear the id to delete" classname="com.msd.feature.main.presenter.MainPresenterTest" time="3.163"/>
  <testcase name="when initializing should emit Loaded state with the expected models" classname="com.msd.feature.main.presenter.MainPresenterTest" time="0.805"/>
  <testcase name="when delete item button clicked and in loaded state should update the state" classname="com.msd.feature.main.presenter.MainPresenterTest" time="0.007"/>
  <testcase name="when deleting item in loaded state with no id to delete should do nothing" classname="com.msd.feature.main.presenter.MainPresenterTest" time="0.01"/>
  <testcase name="when initializing empty should emit Loaded state with the expected models" classname="com.msd.feature.main.presenter.MainPresenterTest" time="0.017"/>
  <testcase name="when add button clicked should navigate to the edit screen" classname="com.msd.feature.main.presenter.MainPresenterTest" time="0.004"/>
  <testcase name="when dismissing delete dialog not in loaded state should do nothing" classname="com.msd.feature.main.presenter.MainPresenterTest" time="0.003"/>
  <testcase name="when deleting item not in loaded state should do nothing" classname="com.msd.feature.main.presenter.MainPresenterTest" time="0.002"/>
  <testcase name="when delete item button clicked and not in loaded state should do nothing" classname="com.msd.feature.main.presenter.MainPresenterTest" time="0.002"/>
  <testcase name="when already initialized should not fetch configuration" classname="com.msd.feature.main.presenter.MainPresenterTest" time="0.003"/>
  <testcase name="when item clicked should navigate to the explorer screen" classname="com.msd.feature.main.presenter.MainPresenterTest" time="0.002"/>
  <testcase name="when edit item button clicked should navigate to the edit screen" classname="com.msd.feature.main.presenter.MainPresenterTest" time="0.003"/>
  <testcase name="when deleting item in loaded state with id to delete should invoke delete use case" classname="com.msd.feature.main.presenter.MainPresenterTest" time="0.012"/>
  <system-out><![CDATA[]]></system-out>
  <system-err><![CDATA[]]></system-err>
</testsuite>
<testsuite name="com.msd.feature.main.tracker.MainTrackerTest" tests="5" skipped="0" failures="0" errors="0" timestamp="2023-09-30T17:55:17" hostname="DESKTOP-TUF9PBG" time="0.046">
  <properties/>
  <testcase name="when tracking open configuration clicked should invoke the events tracker" classname="com.msd.feature.main.tracker.MainTrackerTest" time="0.036"/>
  <testcase name="when tracking add configuration clicked should invoke the events tracker" classname="com.msd.feature.main.tracker.MainTrackerTest" time="0.002"/>
  <testcase name="when tracking edit configuration clicked should invoke the events tracker" classname="com.msd.feature.main.tracker.MainTrackerTest" time="0.003"/>
  <testcase name="when tracking delete configuration should invoke the events tracker" classname="com.msd.feature.main.tracker.MainTrackerTest" time="0.002"/>
  <testcase name="when tracking delete configuration clicked should invoke the events tracker" classname="com.msd.feature.main.tracker.MainTrackerTest" time="0.002"/>
  <system-out><![CDATA[]]></system-out>
  <system-err><![CDATA[]]></system-err>
</testsuite>
</testsuites>
